c:\scsa\clab\c\clab\chap01&02&03\x64\debug\vc143.pdb
c:\scsa\clab\c\clab\chap01&02&03\x64\debug\vc143.idb
c:\scsa\clab\c\clab\chap01&02&03\x64\debug\main02.obj
c:\scsa\clab\c\clab\chap01&02&03\x64\debug\main01.obj
c:\scsa\clab\c\clab\chap01&02&03\x64\debug\main03.obj
c:\scsa\clab\c\clab\chap01&02&03\x64\debug\main04.obj
c:\scsa\clab\c\clab\chap01&02&03\x64\debug\main05.obj
c:\scsa\clab\c\clab\chap01&02&03\x64\debug\main07.obj
c:\scsa\clab\c\clab\chap01&02&03\x64\debug\main06.obj
c:\scsa\clab\c\clab\x64\debug\chap01&02&03.exe
c:\scsa\clab\c\clab\x64\debug\chap01&02&03.pdb
c:\scsa\clab\c\clab\chap01&02&03\x64\debug\chap01&02&03.ilk
c:\scsa\clab\c\scsa_c\clab\chap01&02&03\x64\debug\main01.obj
c:\scsa\clab\c\scsa_c\clab\chap01&02&03\x64\debug\main02.obj
c:\scsa\clab\c\scsa_c\clab\chap01&02&03\x64\debug\main03.obj
c:\scsa\clab\c\scsa_c\clab\chap01&02&03\x64\debug\main04.obj
c:\scsa\clab\c\scsa_c\clab\chap01&02&03\x64\debug\main05.obj
c:\scsa\clab\c\scsa_c\clab\chap01&02&03\x64\debug\main06.obj
c:\scsa\clab\c\scsa_c\clab\chap01&02&03\x64\debug\main07.obj
c:\scsa\clab\c\scsa_c\clab\chap01&02&03\x64\debug\chap01&02&03.ilk
c:\scsa\clab\c\scsa_c\clab\chap01&02&03\x64\debug\vc143.idb
c:\scsa\clab\c\scsa_c\clab\chap01&02&03\x64\debug\vc143.pdb
c:\scsa\clab\c\scsa_c\clab\x64\debug\chap01&02&03.pdb
c:\scsa\clab\c\scsa_c\clab\x64\debug\chap01&02&03.exe
c:\scsa\clab\c\scsa_c\clab\chap01&02&03\x64\debug\chap01&02&03.tlog\cl.command.1.tlog
c:\scsa\clab\c\scsa_c\clab\chap01&02&03\x64\debug\chap01&02&03.tlog\cl.items.tlog
c:\scsa\clab\c\scsa_c\clab\chap01&02&03\x64\debug\chap01&02&03.tlog\cl.read.1.tlog
c:\scsa\clab\c\scsa_c\clab\chap01&02&03\x64\debug\chap01&02&03.tlog\cl.write.1.tlog
c:\scsa\clab\c\scsa_c\clab\chap01&02&03\x64\debug\chap01&02&03.tlog\link.command.1.tlog
c:\scsa\clab\c\scsa_c\clab\chap01&02&03\x64\debug\chap01&02&03.tlog\link.read.1.tlog
c:\scsa\clab\c\scsa_c\clab\chap01&02&03\x64\debug\chap01&02&03.tlog\link.secondary.1.tlog
c:\scsa\clab\c\scsa_c\clab\chap01&02&03\x64\debug\chap01&02&03.tlog\link.write.1.tlog
