c:\scsa\clab\cpp\scsa_cpp\cpplab\chap10&11\x64\debug\vc143.pdb
c:\scsa\clab\cpp\scsa_cpp\cpplab\chap10&11\x64\debug\vc143.idb
c:\scsa\clab\cpp\scsa_cpp\cpplab\chap10&11\x64\debug\04.oneoperatorpre.obj
c:\scsa\clab\cpp\scsa_cpp\cpplab\chap10&11\x64\debug\03.globaloperatoroverload.obj
c:\scsa\clab\cpp\scsa_cpp\cpplab\chap10&11\x64\debug\02.objectoperatoroverload.obj
c:\scsa\clab\cpp\scsa_cpp\cpplab\chap10&11\x64\debug\01.operatoroverload.obj
c:\scsa\clab\cpp\scsa_cpp\cpplab\chap10&11\x64\debug\06.primitiveoneoperator.obj
c:\scsa\clab\cpp\scsa_cpp\cpplab\chap10&11\x64\debug\05.oneoperatorpost.obj
c:\scsa\clab\cpp\scsa_cpp\cpplab\chap10&11\x64\debug\08.assignooperatoroverload.obj
c:\scsa\clab\cpp\scsa_cpp\cpplab\chap10&11\x64\debug\07outputoperator.obj
c:\scsa\clab\cpp\scsa_cpp\cpplab\x64\debug\chap10&11.exe
c:\scsa\clab\cpp\scsa_cpp\cpplab\x64\debug\chap10&11.pdb
c:\scsa\clab\cpp\scsa_cpp\cpplab\chap10&11\x64\debug\chap10&11.ilk
c:\scsa\clab\cpp\scsa_cpp\cpplab\chap10&11\x64\debug\chap10&11.tlog\cl.command.1.tlog
c:\scsa\clab\cpp\scsa_cpp\cpplab\chap10&11\x64\debug\chap10&11.tlog\cl.items.tlog
c:\scsa\clab\cpp\scsa_cpp\cpplab\chap10&11\x64\debug\chap10&11.tlog\cl.read.1.tlog
c:\scsa\clab\cpp\scsa_cpp\cpplab\chap10&11\x64\debug\chap10&11.tlog\cl.write.1.tlog
c:\scsa\clab\cpp\scsa_cpp\cpplab\chap10&11\x64\debug\chap10&11.tlog\link.command.1.tlog
c:\scsa\clab\cpp\scsa_cpp\cpplab\chap10&11\x64\debug\chap10&11.tlog\link.read.1.tlog
c:\scsa\clab\cpp\scsa_cpp\cpplab\chap10&11\x64\debug\chap10&11.tlog\link.secondary.1.tlog
c:\scsa\clab\cpp\scsa_cpp\cpplab\chap10&11\x64\debug\chap10&11.tlog\link.write.1.tlog
